{"C:\\Users\\じゅぶ\\Desktop\\dev\\test\\jest-tutorial\\string.js": {"path":"C:\\Users\\じゅぶ\\Desktop\\dev\\test\\jest-tutorial\\string.js","statementMap":{"0":{"start":{"line":2,"column":2},"end":{"line":2,"column":17}},"1":{"start":{"line":5,"column":0},"end":{"line":5,"column":24}}},"fnMap":{"0":{"name":"string","decl":{"start":{"line":1,"column":9},"end":{"line":1,"column":15}},"loc":{"start":{"line":1,"column":22},"end":{"line":3,"column":1}},"line":1}},"branchMap":{},"s":{"0":1,"1":1},"f":{"0":1},"b":{},"_coverageSchema":"1a1c01bbd47fc00a2c39e90264f33305004495a9","hash":"199220a34eca750529b782fed7e022523cdedc2a"}
,"C:\\Users\\じゅぶ\\Desktop\\dev\\test\\jest-tutorial\\substract.js": {"path":"C:\\Users\\じゅぶ\\Desktop\\dev\\test\\jest-tutorial\\substract.js","statementMap":{"0":{"start":{"line":2,"column":2},"end":{"line":2,"column":15}},"1":{"start":{"line":5,"column":0},"end":{"line":5,"column":27}}},"fnMap":{"0":{"name":"substract","decl":{"start":{"line":1,"column":9},"end":{"line":1,"column":18}},"loc":{"start":{"line":1,"column":25},"end":{"line":3,"column":1}},"line":1}},"branchMap":{},"s":{"0":1,"1":1},"f":{"0":1},"b":{},"_coverageSchema":"1a1c01bbd47fc00a2c39e90264f33305004495a9","hash":"cbd4c821b45e5b15136f45ece4e4c4b0977af1d0"}
,"C:\\Users\\じゅぶ\\Desktop\\dev\\test\\jest-tutorial\\sum.js": {"path":"C:\\Users\\じゅぶ\\Desktop\\dev\\test\\jest-tutorial\\sum.js","statementMap":{"0":{"start":{"line":6,"column":2},"end":{"line":6,"column":15}},"1":{"start":{"line":14,"column":2},"end":{"line":14,"column":25}},"2":{"start":{"line":17,"column":0},"end":{"line":17,"column":21}}},"fnMap":{"0":{"name":"sum","decl":{"start":{"line":5,"column":9},"end":{"line":5,"column":12}},"loc":{"start":{"line":5,"column":19},"end":{"line":7,"column":1}},"line":5},"1":{"name":"example","decl":{"start":{"line":13,"column":9},"end":{"line":13,"column":16}},"loc":{"start":{"line":13,"column":19},"end":{"line":15,"column":1}},"line":13}},"branchMap":{},"s":{"0":1,"1":0,"2":1},"f":{"0":1,"1":0},"b":{},"_coverageSchema":"1a1c01bbd47fc00a2c39e90264f33305004495a9","hash":"4bbb48126880687a230132fdf39fdd9bbb349ed0"}
}
